<?xml version="1.0" encoding="UTF-8"?>
<testng-results skipped="0" failed="1" ignored="0" total="1" passed="0">
  <reporter-output>
  </reporter-output>
  <suite name="Suite" duration-ms="76618" started-at="2017-06-28T11:11:07Z" finished-at="2017-06-28T11:12:24Z">
    <groups>
    </groups>
    <test name="testng_pom" duration-ms="76618" started-at="2017-06-28T11:11:07Z" finished-at="2017-06-28T11:12:24Z">
      <class name="com.lmsauto.tests.HRNewUserCreationTest">
        <test-method status="PASS" signature="beforeMethod()[pri:0, instance:com.lmsauto.tests.HRNewUserCreationTest@5d534f5d]" name="beforeMethod" is-config="true" duration-ms="4631" started-at="2017-06-28T16:41:07Z" finished-at="2017-06-28T16:41:12Z">
          <reporter-output>
          </reporter-output>
        </test-method> <!-- beforeMethod -->
        <test-method status="FAIL" signature="hrNewUserCreationTest()[pri:0, instance:com.lmsauto.tests.HRNewUserCreationTest@5d534f5d]" name="hrNewUserCreationTest" duration-ms="71619" started-at="2017-06-28T16:41:12Z" finished-at="2017-06-28T16:42:23Z">
          <exception class="java.lang.AssertionError">
            <message>
              <![CDATA[expected [AutomationTera] but found [Automationtera]]]>
            </message>
            <full-stacktrace>
              <![CDATA[java.lang.AssertionError: expected [AutomationTera] but found [Automationtera]
	at org.testng.Assert.fail(Assert.java:93)
	at org.testng.Assert.failNotEquals(Assert.java:512)
	at org.testng.Assert.assertEqualsImpl(Assert.java:134)
	at org.testng.Assert.assertEquals(Assert.java:115)
	at org.testng.Assert.assertEquals(Assert.java:189)
	at org.testng.Assert.assertEquals(Assert.java:199)
	at com.lmsauto.pages.HRListUsersPage.getDataOfNewlyAddedEnquiry(HRListUsersPage.java:55)
	at com.lmsauto.tests.HRNewUserCreationTest.hrNewUserCreationTest(HRNewUserCreationTest.java:107)
	at sun.reflect.NativeMethodAccessorImpl.invoke0(Native Method)
	at sun.reflect.NativeMethodAccessorImpl.invoke(Unknown Source)
	at sun.reflect.DelegatingMethodAccessorImpl.invoke(Unknown Source)
	at java.lang.reflect.Method.invoke(Unknown Source)
	at org.testng.internal.MethodInvocationHelper.invokeMethod(MethodInvocationHelper.java:108)
	at org.testng.internal.Invoker.invokeMethod(Invoker.java:661)
	at org.testng.internal.Invoker.invokeTestMethod(Invoker.java:869)
	at org.testng.internal.Invoker.invokeTestMethods(Invoker.java:1193)
	at org.testng.internal.TestMethodWorker.invokeTestMethods(TestMethodWorker.java:126)
	at org.testng.internal.TestMethodWorker.run(TestMethodWorker.java:109)
	at org.testng.TestRunner.privateRun(TestRunner.java:744)
	at org.testng.TestRunner.run(TestRunner.java:602)
	at org.testng.SuiteRunner.runTest(SuiteRunner.java:380)
	at org.testng.SuiteRunner.runSequentially(SuiteRunner.java:375)
	at org.testng.SuiteRunner.privateRun(SuiteRunner.java:340)
	at org.testng.SuiteRunner.run(SuiteRunner.java:289)
	at org.testng.SuiteRunnerWorker.runSuite(SuiteRunnerWorker.java:52)
	at org.testng.SuiteRunnerWorker.run(SuiteRunnerWorker.java:86)
	at org.testng.TestNG.runSuitesSequentially(TestNG.java:1301)
	at org.testng.TestNG.runSuitesLocally(TestNG.java:1226)
	at org.testng.TestNG.runSuites(TestNG.java:1144)
	at org.testng.TestNG.run(TestNG.java:1115)
	at org.testng.remote.AbstractRemoteTestNG.run(AbstractRemoteTestNG.java:132)
	at org.testng.remote.RemoteTestNG.initAndRun(RemoteTestNG.java:230)
	at org.testng.remote.RemoteTestNG.main(RemoteTestNG.java:76)
]]>
            </full-stacktrace>
          </exception> <!-- java.lang.AssertionError -->
          <reporter-output>
          </reporter-output>
        </test-method> <!-- hrNewUserCreationTest -->
        <test-method status="PASS" signature="afterClass()[pri:0, instance:com.lmsauto.tests.HRNewUserCreationTest@5d534f5d]" name="afterClass" is-config="true" duration-ms="348" started-at="2017-06-28T16:42:23Z" finished-at="2017-06-28T16:42:24Z">
          <reporter-output>
          </reporter-output>
        </test-method> <!-- afterClass -->
      </class> <!-- com.lmsauto.tests.HRNewUserCreationTest -->
    </test> <!-- testng_pom -->
  </suite> <!-- Suite -->
</testng-results>
